
ROM used:   5500/8192 (67%)
            7043/8192 (86%) including unused fragments

            2.7 Average locations per line
            8.1 Average locations per statement

RAM used:   12/368 (3%) at main() level
            49/368 (13%) worst case

Stack used: 0 worst case (0 in main + 0 for interrupts)
Stack size: 8

Lines Stmts  %   Files
----- ----- ---  -----
  889   582  85  main.c
   10     0   0  main.h
  661     0   0  ..\..\..\..\..\..\Program Files (x86)\PICC\Devices\16F877A.h
  456   100  15  ..\..\..\..\..\..\Program Files (x86)\PICC\Drivers\lcd.c
----- -----
 2016   682 Total

Page ROM  %  RAM   Vol Diff  Functions:
---- --- --- ---   --- ----  ----------
0     21   0    1             @delay_ms1
0     20   0    1             @delay_us1
0      8   0    0             @const626
 Inline         3   760  4.5  lcd_read_byte
0     49   1    2   262  3.7  lcd_read_nibble
0     43   1    1   399  2.4  lcd_send_nibble
0     92   2    3   415  3.7  lcd_send_byte
0     61   1    2   704  5.0  lcd_init
0     18   0    4   208  6.3  lcd_gotoxy
0     44   1    1   354  4.7  lcd_putc
1    784  14    1  4616  5.4  mavi
0      9   0    0             @const667
0     84   2    5             @PSTRINGCN7_645
0     21   0    3             @DIV88
0     53   1    2             @PRINTF_U_645
0      9   0    0             @const676
0     75   1    4             @PSTRINGC7_645
0     10   0    0             @const678
2    780  14    1  4616  5.4  sari
0      9   0    0             @const680
0      9   0    0             @const681
0     10   0    0             @const682
1    780  14    1  4616  5.4  kirmizi
0      9   0    0             @const683
0      9   0    0             @const684
0     10   0    0             @const685
2    775  14    1  4616  5.4  siyah
0      9   0    0             @const686
0      9   0    0             @const687
0     10   0    0             @const688
0    166   3    1   851  3.3  baslangic
0      9   0    0             @const690
3    899  16    1  2353  6.3  MAIN
0     29   1    2             @ITOF
0    117   2   13             @MULFF
0     63   1   10             @FLT
0      9   0    0             @const706
0      6   0    0             @const707
 Inline         5             @FTOSD
0     79   1   13             @DIV3232
0    224   4   13             @PRINTF_L32D_645FPFPF
0      7   0    0             @const716
0      6   0    0             @const717
0      5   0    0             @const718
0      6   0    0             @const719
0      5   0    0             @const720
0      6   0    0             @const721
0      6   0    0             @const722
0      6   0    0             @const723
0      9   0    0             @const724
0      6   0    0             @const725
0      6   0    0             @const726
0      7   0    0             @const727
 Inline         0             @cinit1

Program metrics:
    Functions               13
    Statements              682
    Comments                304
    Volume (V)              35295
    Difficulty (D)          59.2
    Effort to implement (E) 2090598
    Time to implement (T)   32 hours, 16 minutes
    Est Delivered Bugs (B)  5
    Cyclomatic Complexity   86
    Maintainability (MI)    111

 Segment     Used  Free
-----------  ----  ----
00000-00003     4  0  
00004-007FF  1478  566  
00800-00FFF  1564  484  
01000-017FF  1555  493  
01800-01FFF   899  1149  



